{
  "RSpec": {
    "coverage": {
      "/Users/john/Dropbox/Development/Ruby/acts_as_stream/lib/acts_as_stream.rb": [
        1,
        1,
        1,
        1,
        1,
        null,
        1,
        1,
        null,
        null,
        1,
        1
      ],
      "/Users/john/Dropbox/Development/Ruby/acts_as_stream/lib/acts_as_stream/configuration.rb": [
        1,
        null,
        1,
        null,
        1,
        null,
        1,
        null,
        1,
        2,
        null,
        null,
        1,
        8,
        null,
        null,
        1,
        1,
        null,
        null,
        1,
        6,
        null,
        null,
        1,
        6,
        null,
        null,
        1,
        1,
        null,
        null,
        null
      ],
      "/Users/john/Dropbox/Development/Ruby/acts_as_stream/lib/acts_as_stream/streamable_object.rb": [
        1,
        1,
        null,
        1,
        2,
        null,
        null,
        1,
        null,
        1,
        5,
        5,
        5,
        5,
        5,
        null,
        null,
        null,
        1,
        null,
        1,
        4,
        null,
        1,
        2,
        null,
        1,
        2,
        null,
        null,
        null,
        null,
        null,
        null
      ]
    },
    "timestamp": 1331425229
  },
  "Unknown Test Framework": {
    "coverage": {
      "/Users/john/Dropbox/Development/Ruby/acts_as_stream/lib/acts_as_stream.rb": [
        1,
        1,
        1,
        1,
        1,
        null,
        1,
        1,
        null,
        null,
        1,
        1
      ],
      "/Users/john/Dropbox/Development/Ruby/acts_as_stream/lib/acts_as_stream/configuration.rb": [
        1,
        null,
        1,
        null,
        1,
        null,
        1,
        null,
        1,
        1,
        null,
        null,
        1,
        0,
        null,
        null,
        1,
        0,
        null,
        null,
        1,
        0,
        null,
        null,
        1,
        0,
        null,
        null,
        null
      ],
      "/Users/john/Dropbox/Development/Ruby/acts_as_stream/lib/acts_as_stream/streamable_object.rb": [
        1,
        1,
        null,
        1,
        2,
        null,
        null,
        1,
        null,
        1,
        1,
        1,
        1,
        null,
        0,
        0,
        0,
        0,
        null,
        null,
        null,
        1,
        null,
        1,
        0,
        null,
        1,
        0,
        null,
        null,
        null,
        null,
        null,
        null
      ]
    },
    "timestamp": 1331424206
  }
}
